<?xml version="1.0" encoding="UTF-8"?><testsuite errors="0" failures="0" name="ssvv.features.search.SearchByKeywordStory" skipped="1" tests="3" time="8.32" timestamp="2022-04-17 10:16:56"><testcase classname="ssvv.features.search.SearchByKeywordStory" name="Searching by keyword banana should display the corresponding article"/><testcase classname="ssvv.features.search.SearchByKeywordStory" name="Searching by ambiguious keyword should display the disambiguation page"><skipped/></testcase><testcase classname="ssvv.features.search.SearchByKeywordStory" name="Searching by keyword apple should display the corresponding article"/></testsuite>